<?xml version="1.0" encoding="UTF-8"?>
<!-- Generated by org.testng.reporters.JUnitReportReporter -->
<testsuite hostname="tejal" failures="0" tests="1" name="com.itlearn360Frameworks.TestCase.testCaseDemo" time="0.011" errors="0" timestamp="2024-08-27T13:32:22 IST" skipped="0">
  <testcase classname="com.itlearn360Frameworks.TestCase.testCaseDemo" name="test1" time="0.011"/>
  <system-out/>
</testsuite> <!-- com.itlearn360Frameworks.TestCase.testCaseDemo -->
