<?xml version="1.0" encoding="UTF-8"?>
<!-- Generated by org.testng.reporters.JUnitReportReporter -->
<testsuite hostname="tejal" failures="0" tests="1" name="com.itlearn360Frameworks.TestCase.forgotPassword" time="1.743" errors="0" timestamp="2024-08-27T14:50:55 IST" skipped="0">
  <testcase classname="com.itlearn360Frameworks.TestCase.forgotPassword" name="Test_Forgotpass" time="1.743"/>
  <system-out/>
</testsuite> <!-- com.itlearn360Frameworks.TestCase.forgotPassword -->
