<?xml version="1.0" encoding="UTF-8"?>
<!-- Generated by org.testng.reporters.JUnitReportReporter -->
<testsuite hostname="tejal" failures="0" tests="5" name="com.itlearn360Frameworks.TestCase.loginTest" time="22.764" errors="0" timestamp="2024-08-27T21:25:13 IST" skipped="0">
  <testcase classname="com.itlearn360Frameworks.TestCase.loginTest" name="verifyLogin_dataDriven" time="4.039"/>
  <system-out/>
  <testcase classname="com.itlearn360Frameworks.TestCase.loginTest" name="verifyLogin_dataDriven" time="3.053"/>
  <system-out/>
  <testcase classname="com.itlearn360Frameworks.TestCase.loginTest" name="verifyLogin_dataDriven" time="5.001"/>
  <system-out/>
  <testcase classname="com.itlearn360Frameworks.TestCase.loginTest" name="verifyLogin_dataDriven" time="4.122"/>
  <system-out/>
  <testcase classname="com.itlearn360Frameworks.TestCase.loginTest" name="verifyLogin_dataDriven" time="6.549"/>
  <system-out/>
</testsuite> <!-- com.itlearn360Frameworks.TestCase.loginTest -->
